<?xml version="1.0" encoding="UTF-8"?>
<robot generator="Robot 4.0.3 (Python 3.8.3 on win32)" generated="20210702 13:45:11.281" rpa="false" schemaversion="2">
<suite id="s1" name="Verify search functionality" source="C:\Users\User\PycharmProjects\RobotFWTutorial\Tests\ebay\Verify_search_functionality.robot">
<test id="s1-t1" name="Verify basic search functionality">
<kw name="Start Browser" library="CommonFunctionality" type="SETUP">
<kw name="Open Browser" library="SeleniumLibrary">
<arg>${url}</arg>
<arg>${browser}</arg>
<doc>Opens a new browser instance to the optional ``url``.</doc>
<msg timestamp="20210702 13:45:11.460" level="INFO">Opening browser 'chrome' to base url 'https://www.ebay.com'.</msg>
<status status="PASS" starttime="20210702 13:45:11.460" endtime="20210702 13:45:14.730"/>
</kw>
<kw name="Maximize Browser Window" library="SeleniumLibrary">
<doc>Maximizes current browser window.</doc>
<status status="PASS" starttime="20210702 13:45:14.730" endtime="20210702 13:45:14.848"/>
</kw>
<status status="PASS" starttime="20210702 13:45:11.459" endtime="20210702 13:45:14.848"/>
</kw>
<kw name="Input Search Text and Click Search" library="HeaderPage">
<arg>robot</arg>
<kw name="Input Text" library="SeleniumLibrary">
<arg>${HomePageSearchTextBox}</arg>
<arg>${search_text}</arg>
<doc>Types the given ``text`` into the text field identified by ``locator``.</doc>
<msg timestamp="20210702 13:45:14.849" level="INFO">Typing text 'robot' into text field 'xpath://*[@id="gh-ac"]'.</msg>
<status status="PASS" starttime="20210702 13:45:14.849" endtime="20210702 13:45:14.920"/>
</kw>
<kw name="Press Keys" library="SeleniumLibrary">
<arg>${HomePageSearchButton}</arg>
<arg>[Return]</arg>
<doc>Simulates the user pressing key(s) to an element or on the active browser.</doc>
<msg timestamp="20210702 13:45:14.920" level="INFO">Sending key(s) ('[Return]',) to xpath://*[@id="gh-btn"] element.</msg>
<msg timestamp="20210702 13:45:16.694" level="INFO">Sending keys [Return]</msg>
<status status="PASS" starttime="20210702 13:45:14.920" endtime="20210702 13:45:16.825"/>
</kw>
<status status="PASS" starttime="20210702 13:45:14.849" endtime="20210702 13:45:16.825"/>
</kw>
<kw name="Verify Search Results" library="SearchResultPage">
<arg>robot</arg>
<kw name="Page Should Contain" library="SeleniumLibrary">
<arg>${search_result} ${search_text}</arg>
<doc>Verifies that current page contains ``text``.</doc>
<msg timestamp="20210702 13:45:16.840" level="INFO">Current page contains text 'results for robot'.</msg>
<status status="PASS" starttime="20210702 13:45:16.826" endtime="20210702 13:45:16.840"/>
</kw>
<status status="PASS" starttime="20210702 13:45:16.826" endtime="20210702 13:45:16.841"/>
</kw>
<kw name="Quit Browser" library="CommonFunctionality" type="TEARDOWN">
<kw name="Close Browser" library="SeleniumLibrary">
<doc>Closes the current browser.</doc>
<status status="PASS" starttime="20210702 13:45:16.841" endtime="20210702 13:45:18.946"/>
</kw>
<status status="PASS" starttime="20210702 13:45:16.841" endtime="20210702 13:45:18.947"/>
</kw>
<doc>This test case wverifies the basic search</doc>
<tag>Functional</tag>
<status status="PASS" starttime="20210702 13:45:11.459" endtime="20210702 13:45:18.948"/>
</test>
<doc>Basic Search Functionality</doc>
<status status="PASS" starttime="20210702 13:45:11.282" endtime="20210702 13:45:18.953"/>
</suite>
<statistics>
<total>
<stat pass="1" fail="0" skip="0">All Tests</stat>
</total>
<tag>
<stat pass="1" fail="0" skip="0">Functional</stat>
</tag>
<suite>
<stat pass="1" fail="0" skip="0" id="s1" name="Verify search functionality">Verify search functionality</stat>
</suite>
</statistics>
<errors>
</errors>
</robot>
