<?xml version="1.0" encoding="UTF-8"?>
<robot generator="Robot 4.0.3 (Python 3.8.3 on win32)" generated="20210705 00:14:28.220" rpa="false" schemaversion="2">
<suite id="s1" name="BasicFunctionality" source="C:\Users\User\PycharmProjects\RobotFWTutorial\Tests\Dontnod\BasicFunctionality.robot">
<test id="s1-t1" name="Menu Bar Testing">
<kw name="Start Browser" library="CommonFunctionality" type="SETUP">
<kw name="Open Browser" library="SeleniumLibrary">
<arg>${url}</arg>
<arg>${browser}</arg>
<doc>Opens a new browser instance to the optional ``url``.</doc>
<msg timestamp="20210705 00:14:28.393" level="INFO">Opening browser 'chrome' to base url 'https://dont-nod.com/en'.</msg>
<status status="PASS" starttime="20210705 00:14:28.392" endtime="20210705 00:14:33.221"/>
</kw>
<kw name="Click Link" library="SeleniumLibrary">
<arg>//a[@id='cn-accept-cookie']</arg>
<doc>Clicks a link identified by ``locator``.</doc>
<msg timestamp="20210705 00:14:33.222" level="INFO">Clicking link '//a[@id='cn-accept-cookie']'.</msg>
<status status="PASS" starttime="20210705 00:14:33.221" endtime="20210705 00:14:40.323"/>
</kw>
<kw name="Maximize Browser Window" library="SeleniumLibrary">
<doc>Maximizes current browser window.</doc>
<status status="PASS" starttime="20210705 00:14:40.323" endtime="20210705 00:14:40.435"/>
</kw>
<status status="PASS" starttime="20210705 00:14:28.392" endtime="20210705 00:14:40.435"/>
</kw>
<kw name="Fetch Menu Items" library="HeaderObject">
<kw name="Get WebElements" library="SeleniumLibrary">
<var>@{temp}</var>
<arg>//li[starts-with(@id,"menu-item")]/a</arg>
<doc>Returns a list of WebElement objects matching the ``locator``.</doc>
<msg timestamp="20210705 00:14:40.447" level="INFO">@{temp} = [ &lt;selenium.webdriver.remote.webelement.WebElement (session="39ce4687b7c8aa03e3cc0892791e5b88", element="8c5c12f2-090a-4853-a60d-5e86fef0efbd")&gt; | &lt;selenium.webdriver.remote.webelement.WebElement (ses...</msg>
<status status="PASS" starttime="20210705 00:14:40.436" endtime="20210705 00:14:40.447"/>
</kw>
<kw name="Set Suite Variable" library="BuiltIn">
<arg>@{MENU_ELEMENTS}</arg>
<arg>@{temp}</arg>
<doc>Makes a variable available everywhere within the scope of the current suite.</doc>
<msg timestamp="20210705 00:14:40.447" level="INFO">@{MENU_ELEMENTS} = [ &lt;selenium.webdriver.remote.webelement.WebElement (session="39ce4687b7c8aa03e3cc0892791e5b88", element="8c5c12f2-090a-4853-a60d-5e86fef0efbd")&gt; | &lt;selenium.webdriver.remote.webelement.WebElement (ses...</msg>
<status status="PASS" starttime="20210705 00:14:40.447" endtime="20210705 00:14:40.447"/>
</kw>
<kw name="Log" library="BuiltIn">
<arg>${MENU_ITEMS}</arg>
<doc>Logs the given message with the given level.</doc>
<msg timestamp="20210705 00:14:40.448" level="INFO">{}</msg>
<status status="PASS" starttime="20210705 00:14:40.448" endtime="20210705 00:14:40.448"/>
</kw>
<for flavor="IN">
<var>${item}</var>
<value>@{MENU_ELEMENTS}</value>
<iter>
<var name="${item}">&lt;selenium.webdriver.remote.webelement.WebElement (session="39ce4687b7c8aa03e3cc0892791e5b88", element="8c5c12f2-090a-4853-a60d-5e86fef0efbd")&gt;</var>
<kw name="Mouse Over" library="SeleniumLibrary">
<arg>${item}</arg>
<doc>Simulates hovering the mouse over the element ``locator``.</doc>
<msg timestamp="20210705 00:14:40.449" level="INFO">Simulating Mouse Over on element '&lt;selenium.webdriver.remote.webelement.WebElement (session="39ce4687b7c8aa03e3cc0892791e5b88", element="8c5c12f2-090a-4853-a60d-5e86fef0efbd")&gt;'.</msg>
<status status="PASS" starttime="20210705 00:14:40.449" endtime="20210705 00:14:40.733"/>
</kw>
<kw name="Sleep" library="BuiltIn">
<arg>1s</arg>
<doc>Pauses the test executed for the given time.</doc>
<msg timestamp="20210705 00:14:41.745" level="INFO">Slept 1 second</msg>
<status status="PASS" starttime="20210705 00:14:40.734" endtime="20210705 00:14:41.745"/>
</kw>
<kw name="Click Element" library="SeleniumLibrary">
<arg>${item}</arg>
<arg>ctrl</arg>
<doc>Click the element identified by ``locator``.</doc>
<msg timestamp="20210705 00:14:41.747" level="INFO">Clicking element '&lt;selenium.webdriver.remote.webelement.WebElement (session="39ce4687b7c8aa03e3cc0892791e5b88", element="8c5c12f2-090a-4853-a60d-5e86fef0efbd")&gt;' with ctrl.</msg>
<status status="PASS" starttime="20210705 00:14:41.746" endtime="20210705 00:14:42.035"/>
</kw>
<kw name="Get Window Handles" library="SeleniumLibrary">
<var>@{windows}</var>
<doc>Returns all child window handles of the selected browser as a list.</doc>
<msg timestamp="20210705 00:14:42.037" level="INFO">@{windows} = [ CDwindow-8D3541790035679EB857F9D06CA37FA3 | CDwindow-34361F25ACCC153A301C5292744D158E ]</msg>
<status status="PASS" starttime="20210705 00:14:42.036" endtime="20210705 00:14:42.038"/>
</kw>
<kw name="Switch Window" library="SeleniumLibrary">
<arg>${windows}[1]</arg>
<doc>Switches to browser window matching ``locator``.</doc>
<status status="PASS" starttime="20210705 00:14:42.038" endtime="20210705 00:14:42.059"/>
</kw>
<kw name="Sleep" library="BuiltIn">
<arg>2s</arg>
<doc>Pauses the test executed for the given time.</doc>
<msg timestamp="20210705 00:14:44.061" level="INFO">Slept 2 seconds</msg>
<status status="PASS" starttime="20210705 00:14:42.059" endtime="20210705 00:14:44.061"/>
</kw>
<kw name="Get Location" library="SeleniumLibrary">
<var>${url}</var>
<doc>Returns the current browser window URL.</doc>
<msg timestamp="20210705 00:14:47.474" level="INFO">${url} = https://dont-nod.com/en/projects/</msg>
<status status="PASS" starttime="20210705 00:14:44.061" endtime="20210705 00:14:47.474"/>
</kw>
<kw name="Run Keyword If" library="BuiltIn">
<arg>'studio' in '${url}'</arg>
<arg>Check Studio History</arg>
<doc>Runs the given keyword with the given arguments, if ``condition`` is true.</doc>
<status status="PASS" starttime="20210705 00:14:47.474" endtime="20210705 00:14:47.474"/>
</kw>
<kw name="Close Window" library="SeleniumLibrary">
<doc>Closes currently opened and selected browser window/tab.</doc>
<status status="PASS" starttime="20210705 00:14:47.475" endtime="20210705 00:14:47.489"/>
</kw>
<kw name="Switch Window" library="SeleniumLibrary">
<arg>${windows}[0]</arg>
<doc>Switches to browser window matching ``locator``.</doc>
<status status="PASS" starttime="20210705 00:14:47.489" endtime="20210705 00:14:47.495"/>
</kw>
<kw name="Sleep" library="BuiltIn">
<arg>1s</arg>
<doc>Pauses the test executed for the given time.</doc>
<msg timestamp="20210705 00:14:48.496" level="INFO">Slept 1 second</msg>
<status status="PASS" starttime="20210705 00:14:47.495" endtime="20210705 00:14:48.496"/>
</kw>
<status status="PASS" starttime="20210705 00:14:40.449" endtime="20210705 00:14:48.496"/>
</iter>
<iter>
<var name="${item}">&lt;selenium.webdriver.remote.webelement.WebElement (session="39ce4687b7c8aa03e3cc0892791e5b88", element="12776cc9-c5df-40a6-9f20-a832d4756599")&gt;</var>
<kw name="Mouse Over" library="SeleniumLibrary">
<arg>${item}</arg>
<doc>Simulates hovering the mouse over the element ``locator``.</doc>
<msg timestamp="20210705 00:14:48.498" level="INFO">Simulating Mouse Over on element '&lt;selenium.webdriver.remote.webelement.WebElement (session="39ce4687b7c8aa03e3cc0892791e5b88", element="12776cc9-c5df-40a6-9f20-a832d4756599")&gt;'.</msg>
<status status="PASS" starttime="20210705 00:14:48.497" endtime="20210705 00:14:48.782"/>
</kw>
<kw name="Sleep" library="BuiltIn">
<arg>1s</arg>
<doc>Pauses the test executed for the given time.</doc>
<msg timestamp="20210705 00:14:49.795" level="INFO">Slept 1 second</msg>
<status status="PASS" starttime="20210705 00:14:48.782" endtime="20210705 00:14:49.795"/>
</kw>
<kw name="Click Element" library="SeleniumLibrary">
<arg>${item}</arg>
<arg>ctrl</arg>
<doc>Click the element identified by ``locator``.</doc>
<msg timestamp="20210705 00:14:49.795" level="INFO">Clicking element '&lt;selenium.webdriver.remote.webelement.WebElement (session="39ce4687b7c8aa03e3cc0892791e5b88", element="12776cc9-c5df-40a6-9f20-a832d4756599")&gt;' with ctrl.</msg>
<status status="PASS" starttime="20210705 00:14:49.795" endtime="20210705 00:14:50.074"/>
</kw>
<kw name="Get Window Handles" library="SeleniumLibrary">
<var>@{windows}</var>
<doc>Returns all child window handles of the selected browser as a list.</doc>
<msg timestamp="20210705 00:14:50.077" level="INFO">@{windows} = [ CDwindow-8D3541790035679EB857F9D06CA37FA3 | CDwindow-A37FD53D338383125E2EEC089296CCB2 ]</msg>
<status status="PASS" starttime="20210705 00:14:50.075" endtime="20210705 00:14:50.077"/>
</kw>
<kw name="Switch Window" library="SeleniumLibrary">
<arg>${windows}[1]</arg>
<doc>Switches to browser window matching ``locator``.</doc>
<status status="PASS" starttime="20210705 00:14:50.077" endtime="20210705 00:14:50.099"/>
</kw>
<kw name="Sleep" library="BuiltIn">
<arg>2s</arg>
<doc>Pauses the test executed for the given time.</doc>
<msg timestamp="20210705 00:14:52.102" level="INFO">Slept 2 seconds</msg>
<status status="PASS" starttime="20210705 00:14:50.099" endtime="20210705 00:14:52.102"/>
</kw>
<kw name="Get Location" library="SeleniumLibrary">
<var>${url}</var>
<doc>Returns the current browser window URL.</doc>
<msg timestamp="20210705 00:14:52.183" level="INFO">${url} = https://dont-nod.com/en/studio/</msg>
<status status="PASS" starttime="20210705 00:14:52.102" endtime="20210705 00:14:52.183"/>
</kw>
<kw name="Run Keyword If" library="BuiltIn">
<arg>'studio' in '${url}'</arg>
<arg>Check Studio History</arg>
<doc>Runs the given keyword with the given arguments, if ``condition`` is true.</doc>
<kw name="Check Studio History" library="StudioPage">
<kw name="Scroll Element Into View" library="SeleniumLibrary">
<arg>//div[@class='visuals tl']/div/img</arg>
<doc>Scrolls the element identified by ``locator`` into view.</doc>
<status status="PASS" starttime="20210705 00:14:52.183" endtime="20210705 00:14:52.464"/>
</kw>
<kw name="Wait Until Element Is Visible" library="SeleniumLibrary">
<arg>//div[@class='visuals tl']/div/img</arg>
<arg>timeout=5s</arg>
<doc>Waits until the element ``locator`` is visible.</doc>
<status status="PASS" starttime="20210705 00:14:52.464" endtime="20210705 00:14:52.498"/>
</kw>
<kw name="Set Focus To Element" library="SeleniumLibrary">
<arg>//div[@class='visuals tl']/div/img</arg>
<doc>Sets the focus to the element identified by ``locator``.</doc>
<status status="PASS" starttime="20210705 00:14:52.498" endtime="20210705 00:14:52.507"/>
</kw>
<kw name="Mouse Over" library="SeleniumLibrary">
<arg>//div[@class='visuals tl']/div/img</arg>
<doc>Simulates hovering the mouse over the element ``locator``.</doc>
<msg timestamp="20210705 00:14:52.507" level="INFO">Simulating Mouse Over on element '//div[@class='visuals tl']/div/img'.</msg>
<status status="PASS" starttime="20210705 00:14:52.507" endtime="20210705 00:14:52.779"/>
</kw>
<kw name="Get WebElements" library="SeleniumLibrary">
<var>@{years}</var>
<arg>//div[@class='dates']/ul/li/p</arg>
<doc>Returns a list of WebElement objects matching the ``locator``.</doc>
<msg timestamp="20210705 00:14:52.795" level="INFO">@{years} = [ &lt;selenium.webdriver.remote.webelement.WebElement (session="39ce4687b7c8aa03e3cc0892791e5b88", element="3f12ef2a-744d-4398-bb61-c17a31f75968")&gt; | &lt;selenium.webdriver.remote.webelement.WebElement (ses...</msg>
<status status="PASS" starttime="20210705 00:14:52.780" endtime="20210705 00:14:52.795"/>
</kw>
<for flavor="IN">
<var>${year}</var>
<value>@{years}</value>
<iter>
<var name="${year}">&lt;selenium.webdriver.remote.webelement.WebElement (session="39ce4687b7c8aa03e3cc0892791e5b88", element="3f12ef2a-744d-4398-bb61-c17a31f75968")&gt;</var>
<kw name="Mouse Over" library="SeleniumLibrary">
<arg>${year}</arg>
<doc>Simulates hovering the mouse over the element ``locator``.</doc>
<msg timestamp="20210705 00:14:52.795" level="INFO">Simulating Mouse Over on element '&lt;selenium.webdriver.remote.webelement.WebElement (session="39ce4687b7c8aa03e3cc0892791e5b88", element="3f12ef2a-744d-4398-bb61-c17a31f75968")&gt;'.</msg>
<status status="PASS" starttime="20210705 00:14:52.795" endtime="20210705 00:14:53.057"/>
</kw>
<kw name="Sleep" library="BuiltIn">
<arg>1s</arg>
<doc>Pauses the test executed for the given time.</doc>
<msg timestamp="20210705 00:14:54.068" level="INFO">Slept 1 second</msg>
<status status="PASS" starttime="20210705 00:14:53.057" endtime="20210705 00:14:54.068"/>
</kw>
<status status="PASS" starttime="20210705 00:14:52.795" endtime="20210705 00:14:54.068"/>
</iter>
<iter>
<var name="${year}">&lt;selenium.webdriver.remote.webelement.WebElement (session="39ce4687b7c8aa03e3cc0892791e5b88", element="d46d720a-7d13-4629-baff-8b4fe211e010")&gt;</var>
<kw name="Mouse Over" library="SeleniumLibrary">
<arg>${year}</arg>
<doc>Simulates hovering the mouse over the element ``locator``.</doc>
<msg timestamp="20210705 00:14:54.069" level="INFO">Simulating Mouse Over on element '&lt;selenium.webdriver.remote.webelement.WebElement (session="39ce4687b7c8aa03e3cc0892791e5b88", element="d46d720a-7d13-4629-baff-8b4fe211e010")&gt;'.</msg>
<status status="PASS" starttime="20210705 00:14:54.069" endtime="20210705 00:14:54.352"/>
</kw>
<kw name="Sleep" library="BuiltIn">
<arg>1s</arg>
<doc>Pauses the test executed for the given time.</doc>
<msg timestamp="20210705 00:14:55.369" level="INFO">Slept 1 second</msg>
<status status="PASS" starttime="20210705 00:14:54.353" endtime="20210705 00:14:55.369"/>
</kw>
<status status="PASS" starttime="20210705 00:14:54.068" endtime="20210705 00:14:55.370"/>
</iter>
<iter>
<var name="${year}">&lt;selenium.webdriver.remote.webelement.WebElement (session="39ce4687b7c8aa03e3cc0892791e5b88", element="78eb0214-64a8-4ab8-96ae-501a83ab9571")&gt;</var>
<kw name="Mouse Over" library="SeleniumLibrary">
<arg>${year}</arg>
<doc>Simulates hovering the mouse over the element ``locator``.</doc>
<msg timestamp="20210705 00:14:55.371" level="INFO">Simulating Mouse Over on element '&lt;selenium.webdriver.remote.webelement.WebElement (session="39ce4687b7c8aa03e3cc0892791e5b88", element="78eb0214-64a8-4ab8-96ae-501a83ab9571")&gt;'.</msg>
<status status="PASS" starttime="20210705 00:14:55.370" endtime="20210705 00:14:55.651"/>
</kw>
<kw name="Sleep" library="BuiltIn">
<arg>1s</arg>
<doc>Pauses the test executed for the given time.</doc>
<msg timestamp="20210705 00:14:56.660" level="INFO">Slept 1 second</msg>
<status status="PASS" starttime="20210705 00:14:55.651" endtime="20210705 00:14:56.660"/>
</kw>
<status status="PASS" starttime="20210705 00:14:55.370" endtime="20210705 00:14:56.661"/>
</iter>
<iter>
<var name="${year}">&lt;selenium.webdriver.remote.webelement.WebElement (session="39ce4687b7c8aa03e3cc0892791e5b88", element="3bed8636-81a5-4850-afd2-f842d83676a3")&gt;</var>
<kw name="Mouse Over" library="SeleniumLibrary">
<arg>${year}</arg>
<doc>Simulates hovering the mouse over the element ``locator``.</doc>
<msg timestamp="20210705 00:14:56.663" level="INFO">Simulating Mouse Over on element '&lt;selenium.webdriver.remote.webelement.WebElement (session="39ce4687b7c8aa03e3cc0892791e5b88", element="3bed8636-81a5-4850-afd2-f842d83676a3")&gt;'.</msg>
<status status="PASS" starttime="20210705 00:14:56.662" endtime="20210705 00:14:56.925"/>
</kw>
<kw name="Sleep" library="BuiltIn">
<arg>1s</arg>
<doc>Pauses the test executed for the given time.</doc>
<msg timestamp="20210705 00:14:57.926" level="INFO">Slept 1 second</msg>
<status status="PASS" starttime="20210705 00:14:56.926" endtime="20210705 00:14:57.926"/>
</kw>
<status status="PASS" starttime="20210705 00:14:56.661" endtime="20210705 00:14:57.927"/>
</iter>
<iter>
<var name="${year}">&lt;selenium.webdriver.remote.webelement.WebElement (session="39ce4687b7c8aa03e3cc0892791e5b88", element="56b85a78-f7dd-47c0-bd67-7c0f2d61ccd1")&gt;</var>
<kw name="Mouse Over" library="SeleniumLibrary">
<arg>${year}</arg>
<doc>Simulates hovering the mouse over the element ``locator``.</doc>
<msg timestamp="20210705 00:14:57.928" level="INFO">Simulating Mouse Over on element '&lt;selenium.webdriver.remote.webelement.WebElement (session="39ce4687b7c8aa03e3cc0892791e5b88", element="56b85a78-f7dd-47c0-bd67-7c0f2d61ccd1")&gt;'.</msg>
<status status="PASS" starttime="20210705 00:14:57.927" endtime="20210705 00:14:58.207"/>
</kw>
<kw name="Sleep" library="BuiltIn">
<arg>1s</arg>
<doc>Pauses the test executed for the given time.</doc>
<msg timestamp="20210705 00:14:59.220" level="INFO">Slept 1 second</msg>
<status status="PASS" starttime="20210705 00:14:58.207" endtime="20210705 00:14:59.220"/>
</kw>
<status status="PASS" starttime="20210705 00:14:57.927" endtime="20210705 00:14:59.220"/>
</iter>
<iter>
<var name="${year}">&lt;selenium.webdriver.remote.webelement.WebElement (session="39ce4687b7c8aa03e3cc0892791e5b88", element="0c3344a6-166f-44ea-ac16-f0b906e28a1e")&gt;</var>
<kw name="Mouse Over" library="SeleniumLibrary">
<arg>${year}</arg>
<doc>Simulates hovering the mouse over the element ``locator``.</doc>
<msg timestamp="20210705 00:14:59.222" level="INFO">Simulating Mouse Over on element '&lt;selenium.webdriver.remote.webelement.WebElement (session="39ce4687b7c8aa03e3cc0892791e5b88", element="0c3344a6-166f-44ea-ac16-f0b906e28a1e")&gt;'.</msg>
<status status="PASS" starttime="20210705 00:14:59.221" endtime="20210705 00:14:59.502"/>
</kw>
<kw name="Sleep" library="BuiltIn">
<arg>1s</arg>
<doc>Pauses the test executed for the given time.</doc>
<msg timestamp="20210705 00:15:00.508" level="INFO">Slept 1 second</msg>
<status status="PASS" starttime="20210705 00:14:59.502" endtime="20210705 00:15:00.508"/>
</kw>
<status status="PASS" starttime="20210705 00:14:59.221" endtime="20210705 00:15:00.508"/>
</iter>
<iter>
<var name="${year}">&lt;selenium.webdriver.remote.webelement.WebElement (session="39ce4687b7c8aa03e3cc0892791e5b88", element="b9b5ec4d-160e-45cb-8b86-62aab08c4704")&gt;</var>
<kw name="Mouse Over" library="SeleniumLibrary">
<arg>${year}</arg>
<doc>Simulates hovering the mouse over the element ``locator``.</doc>
<msg timestamp="20210705 00:15:00.509" level="INFO">Simulating Mouse Over on element '&lt;selenium.webdriver.remote.webelement.WebElement (session="39ce4687b7c8aa03e3cc0892791e5b88", element="b9b5ec4d-160e-45cb-8b86-62aab08c4704")&gt;'.</msg>
<status status="PASS" starttime="20210705 00:15:00.508" endtime="20210705 00:15:00.774"/>
</kw>
<kw name="Sleep" library="BuiltIn">
<arg>1s</arg>
<doc>Pauses the test executed for the given time.</doc>
<msg timestamp="20210705 00:15:01.787" level="INFO">Slept 1 second</msg>
<status status="PASS" starttime="20210705 00:15:00.775" endtime="20210705 00:15:01.787"/>
</kw>
<status status="PASS" starttime="20210705 00:15:00.508" endtime="20210705 00:15:01.787"/>
</iter>
<iter>
<var name="${year}">&lt;selenium.webdriver.remote.webelement.WebElement (session="39ce4687b7c8aa03e3cc0892791e5b88", element="438dfe5a-aacf-4819-b456-9dbdac0dd08c")&gt;</var>
<kw name="Mouse Over" library="SeleniumLibrary">
<arg>${year}</arg>
<doc>Simulates hovering the mouse over the element ``locator``.</doc>
<msg timestamp="20210705 00:15:01.787" level="INFO">Simulating Mouse Over on element '&lt;selenium.webdriver.remote.webelement.WebElement (session="39ce4687b7c8aa03e3cc0892791e5b88", element="438dfe5a-aacf-4819-b456-9dbdac0dd08c")&gt;'.</msg>
<status status="PASS" starttime="20210705 00:15:01.787" endtime="20210705 00:15:02.070"/>
</kw>
<kw name="Sleep" library="BuiltIn">
<arg>1s</arg>
<doc>Pauses the test executed for the given time.</doc>
<msg timestamp="20210705 00:15:03.071" level="INFO">Slept 1 second</msg>
<status status="PASS" starttime="20210705 00:15:02.070" endtime="20210705 00:15:03.071"/>
</kw>
<status status="PASS" starttime="20210705 00:15:01.787" endtime="20210705 00:15:03.071"/>
</iter>
<iter>
<var name="${year}">&lt;selenium.webdriver.remote.webelement.WebElement (session="39ce4687b7c8aa03e3cc0892791e5b88", element="fb668fc0-44e5-4359-b29a-3bc6eabaa5e0")&gt;</var>
<kw name="Mouse Over" library="SeleniumLibrary">
<arg>${year}</arg>
<doc>Simulates hovering the mouse over the element ``locator``.</doc>
<msg timestamp="20210705 00:15:03.073" level="INFO">Simulating Mouse Over on element '&lt;selenium.webdriver.remote.webelement.WebElement (session="39ce4687b7c8aa03e3cc0892791e5b88", element="fb668fc0-44e5-4359-b29a-3bc6eabaa5e0")&gt;'.</msg>
<status status="PASS" starttime="20210705 00:15:03.072" endtime="20210705 00:15:03.353"/>
</kw>
<kw name="Sleep" library="BuiltIn">
<arg>1s</arg>
<doc>Pauses the test executed for the given time.</doc>
<msg timestamp="20210705 00:15:04.363" level="INFO">Slept 1 second</msg>
<status status="PASS" starttime="20210705 00:15:03.353" endtime="20210705 00:15:04.363"/>
</kw>
<status status="PASS" starttime="20210705 00:15:03.072" endtime="20210705 00:15:04.363"/>
</iter>
<iter>
<var name="${year}">&lt;selenium.webdriver.remote.webelement.WebElement (session="39ce4687b7c8aa03e3cc0892791e5b88", element="85e96b47-4d4b-4aa1-af02-8d497bec85e2")&gt;</var>
<kw name="Mouse Over" library="SeleniumLibrary">
<arg>${year}</arg>
<doc>Simulates hovering the mouse over the element ``locator``.</doc>
<msg timestamp="20210705 00:15:04.363" level="INFO">Simulating Mouse Over on element '&lt;selenium.webdriver.remote.webelement.WebElement (session="39ce4687b7c8aa03e3cc0892791e5b88", element="85e96b47-4d4b-4aa1-af02-8d497bec85e2")&gt;'.</msg>
<status status="PASS" starttime="20210705 00:15:04.363" endtime="20210705 00:15:04.633"/>
</kw>
<kw name="Sleep" library="BuiltIn">
<arg>1s</arg>
<doc>Pauses the test executed for the given time.</doc>
<msg timestamp="20210705 00:15:05.641" level="INFO">Slept 1 second</msg>
<status status="PASS" starttime="20210705 00:15:04.633" endtime="20210705 00:15:05.641"/>
</kw>
<status status="PASS" starttime="20210705 00:15:04.363" endtime="20210705 00:15:05.641"/>
</iter>
<iter>
<var name="${year}">&lt;selenium.webdriver.remote.webelement.WebElement (session="39ce4687b7c8aa03e3cc0892791e5b88", element="d12105c1-9078-4cc2-9132-bd7017691833")&gt;</var>
<kw name="Mouse Over" library="SeleniumLibrary">
<arg>${year}</arg>
<doc>Simulates hovering the mouse over the element ``locator``.</doc>
<msg timestamp="20210705 00:15:05.644" level="INFO">Simulating Mouse Over on element '&lt;selenium.webdriver.remote.webelement.WebElement (session="39ce4687b7c8aa03e3cc0892791e5b88", element="d12105c1-9078-4cc2-9132-bd7017691833")&gt;'.</msg>
<status status="PASS" starttime="20210705 00:15:05.642" endtime="20210705 00:15:05.942"/>
</kw>
<kw name="Sleep" library="BuiltIn">
<arg>1s</arg>
<doc>Pauses the test executed for the given time.</doc>
<msg timestamp="20210705 00:15:06.951" level="INFO">Slept 1 second</msg>
<status status="PASS" starttime="20210705 00:15:05.943" endtime="20210705 00:15:06.951"/>
</kw>
<status status="PASS" starttime="20210705 00:15:05.642" endtime="20210705 00:15:06.951"/>
</iter>
<status status="PASS" starttime="20210705 00:14:52.795" endtime="20210705 00:15:06.951"/>
</for>
<kw name="Log" library="BuiltIn">
<arg>${timeline}</arg>
<doc>Logs the given message with the given level.</doc>
<msg timestamp="20210705 00:15:06.952" level="INFO">{'2008': 'Studio founded', '2011': 'contract with Capcom', '2012': 'Remember Me officially presented', '2013': 'Project WHAT IF', '2014': 'contract with Square Enix', '2015': 'Life Is Strange Episode 1: Chrysalis released', '2016': 'Life Is Strange standard and limited editions released', '2017': 'contract with BANDAI NAMCO', '2018': 'Vampyr releases on PS4', '2019': 'Episode 2 of Life is Strange 2 releases', '2020': 'release dates of Tell Me Why have been revealed'}</msg>
<status status="PASS" starttime="20210705 00:15:06.951" endtime="20210705 00:15:06.952"/>
</kw>
<status status="PASS" starttime="20210705 00:14:52.183" endtime="20210705 00:15:06.952"/>
</kw>
<status status="PASS" starttime="20210705 00:14:52.183" endtime="20210705 00:15:06.952"/>
</kw>
<kw name="Close Window" library="SeleniumLibrary">
<doc>Closes currently opened and selected browser window/tab.</doc>
<status status="PASS" starttime="20210705 00:15:06.952" endtime="20210705 00:15:06.972"/>
</kw>
<kw name="Switch Window" library="SeleniumLibrary">
<arg>${windows}[0]</arg>
<doc>Switches to browser window matching ``locator``.</doc>
<status status="PASS" starttime="20210705 00:15:06.973" endtime="20210705 00:15:06.984"/>
</kw>
<kw name="Sleep" library="BuiltIn">
<arg>1s</arg>
<doc>Pauses the test executed for the given time.</doc>
<msg timestamp="20210705 00:15:07.987" level="INFO">Slept 1 second</msg>
<status status="PASS" starttime="20210705 00:15:06.984" endtime="20210705 00:15:07.987"/>
</kw>
<status status="PASS" starttime="20210705 00:14:48.497" endtime="20210705 00:15:07.988"/>
</iter>
<iter>
<var name="${item}">&lt;selenium.webdriver.remote.webelement.WebElement (session="39ce4687b7c8aa03e3cc0892791e5b88", element="b1876aca-af0c-46c9-ac20-ee69ac25d8f8")&gt;</var>
<kw name="Mouse Over" library="SeleniumLibrary">
<arg>${item}</arg>
<doc>Simulates hovering the mouse over the element ``locator``.</doc>
<msg timestamp="20210705 00:15:07.989" level="INFO">Simulating Mouse Over on element '&lt;selenium.webdriver.remote.webelement.WebElement (session="39ce4687b7c8aa03e3cc0892791e5b88", element="b1876aca-af0c-46c9-ac20-ee69ac25d8f8")&gt;'.</msg>
<status status="PASS" starttime="20210705 00:15:07.988" endtime="20210705 00:15:08.269"/>
</kw>
<kw name="Sleep" library="BuiltIn">
<arg>1s</arg>
<doc>Pauses the test executed for the given time.</doc>
<msg timestamp="20210705 00:15:09.273" level="INFO">Slept 1 second</msg>
<status status="PASS" starttime="20210705 00:15:08.269" endtime="20210705 00:15:09.273"/>
</kw>
<kw name="Click Element" library="SeleniumLibrary">
<arg>${item}</arg>
<arg>ctrl</arg>
<doc>Click the element identified by ``locator``.</doc>
<msg timestamp="20210705 00:15:09.274" level="INFO">Clicking element '&lt;selenium.webdriver.remote.webelement.WebElement (session="39ce4687b7c8aa03e3cc0892791e5b88", element="b1876aca-af0c-46c9-ac20-ee69ac25d8f8")&gt;' with ctrl.</msg>
<status status="PASS" starttime="20210705 00:15:09.273" endtime="20210705 00:15:09.557"/>
</kw>
<kw name="Get Window Handles" library="SeleniumLibrary">
<var>@{windows}</var>
<doc>Returns all child window handles of the selected browser as a list.</doc>
<msg timestamp="20210705 00:15:09.560" level="INFO">@{windows} = [ CDwindow-8D3541790035679EB857F9D06CA37FA3 | CDwindow-0DF2AE6BA2FA98893A8E179009CE90DF ]</msg>
<status status="PASS" starttime="20210705 00:15:09.558" endtime="20210705 00:15:09.560"/>
</kw>
<kw name="Switch Window" library="SeleniumLibrary">
<arg>${windows}[1]</arg>
<doc>Switches to browser window matching ``locator``.</doc>
<status status="PASS" starttime="20210705 00:15:09.560" endtime="20210705 00:15:09.583"/>
</kw>
<kw name="Sleep" library="BuiltIn">
<arg>2s</arg>
<doc>Pauses the test executed for the given time.</doc>
<msg timestamp="20210705 00:15:11.598" level="INFO">Slept 2 seconds</msg>
<status status="PASS" starttime="20210705 00:15:09.583" endtime="20210705 00:15:11.598"/>
</kw>
<kw name="Get Location" library="SeleniumLibrary">
<var>${url}</var>
<doc>Returns the current browser window URL.</doc>
<msg timestamp="20210705 00:15:11.610" level="INFO">${url} = https://dont-nod.com/en/social-wall/</msg>
<status status="PASS" starttime="20210705 00:15:11.598" endtime="20210705 00:15:11.610"/>
</kw>
<kw name="Run Keyword If" library="BuiltIn">
<arg>'studio' in '${url}'</arg>
<arg>Check Studio History</arg>
<doc>Runs the given keyword with the given arguments, if ``condition`` is true.</doc>
<status status="PASS" starttime="20210705 00:15:11.610" endtime="20210705 00:15:11.610"/>
</kw>
<kw name="Close Window" library="SeleniumLibrary">
<doc>Closes currently opened and selected browser window/tab.</doc>
<status status="PASS" starttime="20210705 00:15:11.611" endtime="20210705 00:15:11.632"/>
</kw>
<kw name="Switch Window" library="SeleniumLibrary">
<arg>${windows}[0]</arg>
<doc>Switches to browser window matching ``locator``.</doc>
<status status="PASS" starttime="20210705 00:15:11.632" endtime="20210705 00:15:11.644"/>
</kw>
<kw name="Sleep" library="BuiltIn">
<arg>1s</arg>
<doc>Pauses the test executed for the given time.</doc>
<msg timestamp="20210705 00:15:12.650" level="INFO">Slept 1 second</msg>
<status status="PASS" starttime="20210705 00:15:11.644" endtime="20210705 00:15:12.650"/>
</kw>
<status status="PASS" starttime="20210705 00:15:07.988" endtime="20210705 00:15:12.650"/>
</iter>
<iter>
<var name="${item}">&lt;selenium.webdriver.remote.webelement.WebElement (session="39ce4687b7c8aa03e3cc0892791e5b88", element="cdca90c3-b679-4ceb-b789-a460f11d9288")&gt;</var>
<kw name="Mouse Over" library="SeleniumLibrary">
<arg>${item}</arg>
<doc>Simulates hovering the mouse over the element ``locator``.</doc>
<msg timestamp="20210705 00:15:12.652" level="INFO">Simulating Mouse Over on element '&lt;selenium.webdriver.remote.webelement.WebElement (session="39ce4687b7c8aa03e3cc0892791e5b88", element="cdca90c3-b679-4ceb-b789-a460f11d9288")&gt;'.</msg>
<status status="PASS" starttime="20210705 00:15:12.651" endtime="20210705 00:15:12.930"/>
</kw>
<kw name="Sleep" library="BuiltIn">
<arg>1s</arg>
<doc>Pauses the test executed for the given time.</doc>
<msg timestamp="20210705 00:15:13.944" level="INFO">Slept 1 second</msg>
<status status="PASS" starttime="20210705 00:15:12.930" endtime="20210705 00:15:13.945"/>
</kw>
<kw name="Click Element" library="SeleniumLibrary">
<arg>${item}</arg>
<arg>ctrl</arg>
<doc>Click the element identified by ``locator``.</doc>
<msg timestamp="20210705 00:15:13.947" level="INFO">Clicking element '&lt;selenium.webdriver.remote.webelement.WebElement (session="39ce4687b7c8aa03e3cc0892791e5b88", element="cdca90c3-b679-4ceb-b789-a460f11d9288")&gt;' with ctrl.</msg>
<status status="PASS" starttime="20210705 00:15:13.945" endtime="20210705 00:15:14.239"/>
</kw>
<kw name="Get Window Handles" library="SeleniumLibrary">
<var>@{windows}</var>
<doc>Returns all child window handles of the selected browser as a list.</doc>
<msg timestamp="20210705 00:15:14.242" level="INFO">@{windows} = [ CDwindow-8D3541790035679EB857F9D06CA37FA3 | CDwindow-DDD3F06932AF769EB832B5906CA7278D ]</msg>
<status status="PASS" starttime="20210705 00:15:14.239" endtime="20210705 00:15:14.242"/>
</kw>
<kw name="Switch Window" library="SeleniumLibrary">
<arg>${windows}[1]</arg>
<doc>Switches to browser window matching ``locator``.</doc>
<status status="PASS" starttime="20210705 00:15:14.242" endtime="20210705 00:15:14.262"/>
</kw>
<kw name="Sleep" library="BuiltIn">
<arg>2s</arg>
<doc>Pauses the test executed for the given time.</doc>
<msg timestamp="20210705 00:15:16.277" level="INFO">Slept 2 seconds</msg>
<status status="PASS" starttime="20210705 00:15:14.262" endtime="20210705 00:15:16.277"/>
</kw>
<kw name="Get Location" library="SeleniumLibrary">
<var>${url}</var>
<doc>Returns the current browser window URL.</doc>
<msg timestamp="20210705 00:15:16.297" level="INFO">${url} = https://dont-nod.com/en/news/</msg>
<status status="PASS" starttime="20210705 00:15:16.278" endtime="20210705 00:15:16.297"/>
</kw>
<kw name="Run Keyword If" library="BuiltIn">
<arg>'studio' in '${url}'</arg>
<arg>Check Studio History</arg>
<doc>Runs the given keyword with the given arguments, if ``condition`` is true.</doc>
<status status="PASS" starttime="20210705 00:15:16.297" endtime="20210705 00:15:16.298"/>
</kw>
<kw name="Close Window" library="SeleniumLibrary">
<doc>Closes currently opened and selected browser window/tab.</doc>
<status status="PASS" starttime="20210705 00:15:16.298" endtime="20210705 00:15:16.314"/>
</kw>
<kw name="Switch Window" library="SeleniumLibrary">
<arg>${windows}[0]</arg>
<doc>Switches to browser window matching ``locator``.</doc>
<status status="PASS" starttime="20210705 00:15:16.315" endtime="20210705 00:15:16.321"/>
</kw>
<kw name="Sleep" library="BuiltIn">
<arg>1s</arg>
<doc>Pauses the test executed for the given time.</doc>
<msg timestamp="20210705 00:15:17.325" level="INFO">Slept 1 second</msg>
<status status="PASS" starttime="20210705 00:15:16.321" endtime="20210705 00:15:17.326"/>
</kw>
<status status="PASS" starttime="20210705 00:15:12.651" endtime="20210705 00:15:17.326"/>
</iter>
<iter>
<var name="${item}">&lt;selenium.webdriver.remote.webelement.WebElement (session="39ce4687b7c8aa03e3cc0892791e5b88", element="dfba240c-44ed-488c-9f82-a39a45bfbe48")&gt;</var>
<kw name="Mouse Over" library="SeleniumLibrary">
<arg>${item}</arg>
<doc>Simulates hovering the mouse over the element ``locator``.</doc>
<msg timestamp="20210705 00:15:17.328" level="INFO">Simulating Mouse Over on element '&lt;selenium.webdriver.remote.webelement.WebElement (session="39ce4687b7c8aa03e3cc0892791e5b88", element="dfba240c-44ed-488c-9f82-a39a45bfbe48")&gt;'.</msg>
<status status="PASS" starttime="20210705 00:15:17.327" endtime="20210705 00:15:17.612"/>
</kw>
<kw name="Sleep" library="BuiltIn">
<arg>1s</arg>
<doc>Pauses the test executed for the given time.</doc>
<msg timestamp="20210705 00:15:18.613" level="INFO">Slept 1 second</msg>
<status status="PASS" starttime="20210705 00:15:17.612" endtime="20210705 00:15:18.613"/>
</kw>
<kw name="Click Element" library="SeleniumLibrary">
<arg>${item}</arg>
<arg>ctrl</arg>
<doc>Click the element identified by ``locator``.</doc>
<msg timestamp="20210705 00:15:18.615" level="INFO">Clicking element '&lt;selenium.webdriver.remote.webelement.WebElement (session="39ce4687b7c8aa03e3cc0892791e5b88", element="dfba240c-44ed-488c-9f82-a39a45bfbe48")&gt;' with ctrl.</msg>
<status status="PASS" starttime="20210705 00:15:18.614" endtime="20210705 00:15:18.924"/>
</kw>
<kw name="Get Window Handles" library="SeleniumLibrary">
<var>@{windows}</var>
<doc>Returns all child window handles of the selected browser as a list.</doc>
<msg timestamp="20210705 00:15:18.927" level="INFO">@{windows} = [ CDwindow-8D3541790035679EB857F9D06CA37FA3 | CDwindow-152AB0A94F251C650DC28B83143FBFC1 ]</msg>
<status status="PASS" starttime="20210705 00:15:18.925" endtime="20210705 00:15:18.927"/>
</kw>
<kw name="Switch Window" library="SeleniumLibrary">
<arg>${windows}[1]</arg>
<doc>Switches to browser window matching ``locator``.</doc>
<status status="PASS" starttime="20210705 00:15:18.927" endtime="20210705 00:15:18.950"/>
</kw>
<kw name="Sleep" library="BuiltIn">
<arg>2s</arg>
<doc>Pauses the test executed for the given time.</doc>
<msg timestamp="20210705 00:15:20.963" level="INFO">Slept 2 seconds</msg>
<status status="PASS" starttime="20210705 00:15:18.950" endtime="20210705 00:15:20.963"/>
</kw>
<kw name="Get Location" library="SeleniumLibrary">
<var>${url}</var>
<doc>Returns the current browser window URL.</doc>
<msg timestamp="20210705 00:15:20.984" level="INFO">${url} = https://dont-nod.com/en/career/</msg>
<status status="PASS" starttime="20210705 00:15:20.963" endtime="20210705 00:15:20.984"/>
</kw>
<kw name="Run Keyword If" library="BuiltIn">
<arg>'studio' in '${url}'</arg>
<arg>Check Studio History</arg>
<doc>Runs the given keyword with the given arguments, if ``condition`` is true.</doc>
<status status="PASS" starttime="20210705 00:15:20.985" endtime="20210705 00:15:20.985"/>
</kw>
<kw name="Close Window" library="SeleniumLibrary">
<doc>Closes currently opened and selected browser window/tab.</doc>
<status status="PASS" starttime="20210705 00:15:20.986" endtime="20210705 00:15:21.015"/>
</kw>
<kw name="Switch Window" library="SeleniumLibrary">
<arg>${windows}[0]</arg>
<doc>Switches to browser window matching ``locator``.</doc>
<status status="PASS" starttime="20210705 00:15:21.015" endtime="20210705 00:15:21.022"/>
</kw>
<kw name="Sleep" library="BuiltIn">
<arg>1s</arg>
<doc>Pauses the test executed for the given time.</doc>
<msg timestamp="20210705 00:15:22.030" level="INFO">Slept 1 second</msg>
<status status="PASS" starttime="20210705 00:15:21.022" endtime="20210705 00:15:22.031"/>
</kw>
<status status="PASS" starttime="20210705 00:15:17.326" endtime="20210705 00:15:22.031"/>
</iter>
<iter>
<var name="${item}">&lt;selenium.webdriver.remote.webelement.WebElement (session="39ce4687b7c8aa03e3cc0892791e5b88", element="b0e16b48-c8ab-4713-a2b4-8b1aae1b62d4")&gt;</var>
<kw name="Mouse Over" library="SeleniumLibrary">
<arg>${item}</arg>
<doc>Simulates hovering the mouse over the element ``locator``.</doc>
<msg timestamp="20210705 00:15:22.033" level="INFO">Simulating Mouse Over on element '&lt;selenium.webdriver.remote.webelement.WebElement (session="39ce4687b7c8aa03e3cc0892791e5b88", element="b0e16b48-c8ab-4713-a2b4-8b1aae1b62d4")&gt;'.</msg>
<status status="PASS" starttime="20210705 00:15:22.032" endtime="20210705 00:15:22.315"/>
</kw>
<kw name="Sleep" library="BuiltIn">
<arg>1s</arg>
<doc>Pauses the test executed for the given time.</doc>
<msg timestamp="20210705 00:15:23.327" level="INFO">Slept 1 second</msg>
<status status="PASS" starttime="20210705 00:15:22.315" endtime="20210705 00:15:23.327"/>
</kw>
<kw name="Click Element" library="SeleniumLibrary">
<arg>${item}</arg>
<arg>ctrl</arg>
<doc>Click the element identified by ``locator``.</doc>
<msg timestamp="20210705 00:15:23.327" level="INFO">Clicking element '&lt;selenium.webdriver.remote.webelement.WebElement (session="39ce4687b7c8aa03e3cc0892791e5b88", element="b0e16b48-c8ab-4713-a2b4-8b1aae1b62d4")&gt;' with ctrl.</msg>
<status status="PASS" starttime="20210705 00:15:23.327" endtime="20210705 00:15:23.614"/>
</kw>
<kw name="Get Window Handles" library="SeleniumLibrary">
<var>@{windows}</var>
<doc>Returns all child window handles of the selected browser as a list.</doc>
<msg timestamp="20210705 00:15:23.616" level="INFO">@{windows} = [ CDwindow-8D3541790035679EB857F9D06CA37FA3 | CDwindow-DDD431AEC85CE27683E9AE91C889E899 ]</msg>
<status status="PASS" starttime="20210705 00:15:23.614" endtime="20210705 00:15:23.616"/>
</kw>
<kw name="Switch Window" library="SeleniumLibrary">
<arg>${windows}[1]</arg>
<doc>Switches to browser window matching ``locator``.</doc>
<status status="PASS" starttime="20210705 00:15:23.617" endtime="20210705 00:15:23.638"/>
</kw>
<kw name="Sleep" library="BuiltIn">
<arg>2s</arg>
<doc>Pauses the test executed for the given time.</doc>
<msg timestamp="20210705 00:15:25.651" level="INFO">Slept 2 seconds</msg>
<status status="PASS" starttime="20210705 00:15:23.638" endtime="20210705 00:15:25.651"/>
</kw>
<kw name="Get Location" library="SeleniumLibrary">
<var>${url}</var>
<doc>Returns the current browser window URL.</doc>
<msg timestamp="20210705 00:15:25.705" level="INFO">${url} = https://dont-nod.com/en/contact/</msg>
<status status="PASS" starttime="20210705 00:15:25.651" endtime="20210705 00:15:25.705"/>
</kw>
<kw name="Run Keyword If" library="BuiltIn">
<arg>'studio' in '${url}'</arg>
<arg>Check Studio History</arg>
<doc>Runs the given keyword with the given arguments, if ``condition`` is true.</doc>
<status status="PASS" starttime="20210705 00:15:25.705" endtime="20210705 00:15:25.705"/>
</kw>
<kw name="Close Window" library="SeleniumLibrary">
<doc>Closes currently opened and selected browser window/tab.</doc>
<status status="PASS" starttime="20210705 00:15:25.705" endtime="20210705 00:15:25.720"/>
</kw>
<kw name="Switch Window" library="SeleniumLibrary">
<arg>${windows}[0]</arg>
<doc>Switches to browser window matching ``locator``.</doc>
<status status="PASS" starttime="20210705 00:15:25.720" endtime="20210705 00:15:25.726"/>
</kw>
<kw name="Sleep" library="BuiltIn">
<arg>1s</arg>
<doc>Pauses the test executed for the given time.</doc>
<msg timestamp="20210705 00:15:26.742" level="INFO">Slept 1 second</msg>
<status status="PASS" starttime="20210705 00:15:25.726" endtime="20210705 00:15:26.742"/>
</kw>
<status status="PASS" starttime="20210705 00:15:22.031" endtime="20210705 00:15:26.742"/>
</iter>
<iter>
<var name="${item}">&lt;selenium.webdriver.remote.webelement.WebElement (session="39ce4687b7c8aa03e3cc0892791e5b88", element="ff4f2ed1-d935-43c1-a609-744e1cb3d409")&gt;</var>
<kw name="Mouse Over" library="SeleniumLibrary">
<arg>${item}</arg>
<doc>Simulates hovering the mouse over the element ``locator``.</doc>
<msg timestamp="20210705 00:15:26.743" level="INFO">Simulating Mouse Over on element '&lt;selenium.webdriver.remote.webelement.WebElement (session="39ce4687b7c8aa03e3cc0892791e5b88", element="ff4f2ed1-d935-43c1-a609-744e1cb3d409")&gt;'.</msg>
<status status="PASS" starttime="20210705 00:15:26.743" endtime="20210705 00:15:27.022"/>
</kw>
<kw name="Sleep" library="BuiltIn">
<arg>1s</arg>
<doc>Pauses the test executed for the given time.</doc>
<msg timestamp="20210705 00:15:28.037" level="INFO">Slept 1 second</msg>
<status status="PASS" starttime="20210705 00:15:27.023" endtime="20210705 00:15:28.037"/>
</kw>
<kw name="Click Element" library="SeleniumLibrary">
<arg>${item}</arg>
<arg>ctrl</arg>
<doc>Click the element identified by ``locator``.</doc>
<msg timestamp="20210705 00:15:28.039" level="INFO">Clicking element '&lt;selenium.webdriver.remote.webelement.WebElement (session="39ce4687b7c8aa03e3cc0892791e5b88", element="ff4f2ed1-d935-43c1-a609-744e1cb3d409")&gt;' with ctrl.</msg>
<status status="PASS" starttime="20210705 00:15:28.038" endtime="20210705 00:15:28.353"/>
</kw>
<kw name="Get Window Handles" library="SeleniumLibrary">
<var>@{windows}</var>
<doc>Returns all child window handles of the selected browser as a list.</doc>
<msg timestamp="20210705 00:15:28.355" level="INFO">@{windows} = [ CDwindow-8D3541790035679EB857F9D06CA37FA3 | CDwindow-3CC8AEFB0A38CD7E826F4D89D0EB7DCC ]</msg>
<status status="PASS" starttime="20210705 00:15:28.353" endtime="20210705 00:15:28.355"/>
</kw>
<kw name="Switch Window" library="SeleniumLibrary">
<arg>${windows}[1]</arg>
<doc>Switches to browser window matching ``locator``.</doc>
<status status="PASS" starttime="20210705 00:15:28.355" endtime="20210705 00:15:28.375"/>
</kw>
<kw name="Sleep" library="BuiltIn">
<arg>2s</arg>
<doc>Pauses the test executed for the given time.</doc>
<msg timestamp="20210705 00:15:30.379" level="INFO">Slept 2 seconds</msg>
<status status="PASS" starttime="20210705 00:15:28.375" endtime="20210705 00:15:30.379"/>
</kw>
<kw name="Get Location" library="SeleniumLibrary">
<var>${url}</var>
<doc>Returns the current browser window URL.</doc>
<msg timestamp="20210705 00:15:37.907" level="INFO">${url} = https://www.dontnod-bourse.com/fr/</msg>
<status status="PASS" starttime="20210705 00:15:30.379" endtime="20210705 00:15:37.907"/>
</kw>
<kw name="Run Keyword If" library="BuiltIn">
<arg>'studio' in '${url}'</arg>
<arg>Check Studio History</arg>
<doc>Runs the given keyword with the given arguments, if ``condition`` is true.</doc>
<status status="PASS" starttime="20210705 00:15:37.907" endtime="20210705 00:15:37.907"/>
</kw>
<kw name="Close Window" library="SeleniumLibrary">
<doc>Closes currently opened and selected browser window/tab.</doc>
<status status="PASS" starttime="20210705 00:15:37.908" endtime="20210705 00:15:37.921"/>
</kw>
<kw name="Switch Window" library="SeleniumLibrary">
<arg>${windows}[0]</arg>
<doc>Switches to browser window matching ``locator``.</doc>
<status status="PASS" starttime="20210705 00:15:37.921" endtime="20210705 00:15:37.928"/>
</kw>
<kw name="Sleep" library="BuiltIn">
<arg>1s</arg>
<doc>Pauses the test executed for the given time.</doc>
<msg timestamp="20210705 00:15:38.942" level="INFO">Slept 1 second</msg>
<status status="PASS" starttime="20210705 00:15:37.928" endtime="20210705 00:15:38.942"/>
</kw>
<status status="PASS" starttime="20210705 00:15:26.742" endtime="20210705 00:15:38.942"/>
</iter>
<status status="PASS" starttime="20210705 00:14:40.448" endtime="20210705 00:15:38.942"/>
</for>
<status status="PASS" starttime="20210705 00:14:40.436" endtime="20210705 00:15:38.942"/>
</kw>
<kw name="Quit Browser" library="CommonFunctionality" type="TEARDOWN">
<kw name="Close Browser" library="SeleniumLibrary">
<doc>Closes the current browser.</doc>
<status status="PASS" starttime="20210705 00:15:38.943" endtime="20210705 00:15:41.165"/>
</kw>
<status status="PASS" starttime="20210705 00:15:38.943" endtime="20210705 00:15:41.165"/>
</kw>
<doc>Test if all the hyperlink in the menu bar is working or not</doc>
<status status="PASS" starttime="20210705 00:14:28.392" endtime="20210705 00:15:41.167"/>
</test>
<status status="PASS" starttime="20210705 00:14:28.221" endtime="20210705 00:15:41.176"/>
</suite>
<statistics>
<total>
<stat pass="1" fail="0" skip="0">All Tests</stat>
</total>
<tag>
</tag>
<suite>
<stat pass="1" fail="0" skip="0" id="s1" name="BasicFunctionality">BasicFunctionality</stat>
</suite>
</statistics>
<errors>
</errors>
</robot>
